2026-06-02T20:13:16Z INF Thank you for trying Cloudflare Tunnel. Doing so, without a Cloudflare account, is a quick way to experiment and try it out. However, be aware that these account-less Tunnels have no uptime guarantee, are subject to the Cloudflare Online Services Terms of Use (https://www.cloudflare.com/website-terms/), and Cloudflare reserves the right to investigate your use of Tunnels for violations of such terms. If you intend to use Tunnels in production you should use a pre-created named tunnel by following: https://developers.cloudflare.com/cloudflare-one/connections/connect-apps
2026-06-02T20:13:16Z INF Requesting new quick Tunnel on trycloudflare.com...
2026-06-02T20:13:19Z INF +--------------------------------------------------------------------------------------------+
2026-06-02T20:13:19Z INF |  Your quick Tunnel has been created! Visit it at (it may take some time to be reachable):  |
2026-06-02T20:13:19Z INF |  https://stand-ddr-bizrate-grey.trycloudflare.com                                          |
2026-06-02T20:13:19Z INF +--------------------------------------------------------------------------------------------+
2026-06-02T20:13:19Z INF Cannot determine default configuration path. No file [config.yml config.yaml] in [~/.cloudflared ~/.cloudflare-warp ~/cloudflare-warp /etc/cloudflared /usr/local/etc/cloudflared]
2026-06-02T20:13:19Z INF Version 2026.5.2 (Checksum 5286698547f03df745adb2355f04c12dde52ef425491e81f433642d695521886)
2026-06-02T20:13:19Z INF GOOS: linux, GOVersion: go1.26.3, GoArch: amd64
2026-06-02T20:13:19Z INF Settings: map[ha-connections:1 protocol:quic url:http://localhost:8000]
2026-06-02T20:13:19Z INF cloudflared will not automatically update if installed by a package manager.
2026-06-02T20:13:29Z ERR Failed to fetch features, default to disable error="lookup cfd-features.argotunnel.com on 127.0.0.53:53: read udp 127.0.0.1:58746->127.0.0.53:53: i/o timeout"
2026-06-02T20:13:29Z INF Generated Connector ID: dbef49cc-42b9-46d9-b1a8-ed429ce7cb60
2026-06-02T20:13:29Z INF Initial protocol quic
2026-06-02T20:13:29Z INF ICMP proxy will use 10.0.2.15 as source for IPv4
2026-06-02T20:13:29Z INF ICMP proxy will use fd17:625c:f037:2:a00:27ff:feb2:86f4 in zone enp0s3 as source for IPv6
2026-06-02T20:13:29Z WRN The user running cloudflared process has a GID (group ID) that is not within ping_group_range. You might need to add that user to a group within that range, or instead update the range to encompass a group the user is already in by modifying /proc/sys/net/ipv4/ping_group_range. Otherwise cloudflared will not be able to ping this network error="Group ID 1000 is not between ping group 1 to 0"
2026-06-02T20:13:29Z WRN ICMP proxy feature is disabled error="cannot create ICMPv4 proxy: Group ID 1000 is not between ping group 1 to 0 nor ICMPv6 proxy: socket: permission denied"
2026-06-02T20:13:34Z INF ICMP proxy will use 10.0.2.15 as source for IPv4
2026-06-02T20:13:34Z INF ICMP proxy will use fd17:625c:f037:2:a00:27ff:feb2:86f4 in zone enp0s3 as source for IPv6
2026-06-02T20:13:34Z INF Starting metrics server on 127.0.0.1:20241/metrics
2026/06/02 20:13:34 failed to sufficiently increase receive buffer size (was: 208 kiB, wanted: 7168 kiB, got: 416 kiB). See https://github.com/quic-go/quic-go/wiki/UDP-Buffer-Sizes for details.
2026-06-02T20:13:34Z INF Tunnel connection curve preferences: [X25519MLKEM768 CurveID(65074) CurveP256] connIndex=0 event=0 ip=198.41.200.113
2026-06-02T20:13:35Z INF Registered tunnel connection connIndex=0 connection=b97a8dd2-c68e-4af7-bffb-561202e8e16d event=0 ip=198.41.200.113 location=syd05 protocol=quic
2026-06-02T20:13:39Z INF +-----------------------------------------------------------------------------------------------+
2026-06-02T20:13:39Z INF |                                    CONNECTIVITY PRE-CHECKS                                    |
2026-06-02T20:13:39Z INF +-----------------------------------------------------------------------------------------------+
2026-06-02T20:13:39Z INF |  COMPONENT         TARGET                     STATUS  DETAILS                                 |
2026-06-02T20:13:39Z INF |  DNS Resolution    region1.v2.argotunnel.com  PASS    DNS Resolved successfully               |
2026-06-02T20:13:39Z INF |  DNS Resolution    region2.v2.argotunnel.com  PASS    DNS Resolved successfully               |
2026-06-02T20:13:39Z INF |  UDP Connectivity  region1.v2.argotunnel.com  PASS    QUIC connection successful              |
2026-06-02T20:13:39Z INF |  UDP Connectivity  region2.v2.argotunnel.com  FAIL    QUIC connection failed                  |
2026-06-02T20:13:39Z INF |  TCP Connectivity  region1.v2.argotunnel.com  PASS    HTTP/2 connection successful            |
2026-06-02T20:13:39Z INF |  TCP Connectivity  region2.v2.argotunnel.com  PASS    HTTP/2 connection successful            |
2026-06-02T20:13:39Z INF |  Cloudflare API    api.cloudflare.com:443     PASS    API is reachable                        |
2026-06-02T20:13:39Z INF |  WARNING: Allow outbound QUIC traffic on port 7844 or use HTTP2.                              |
2026-06-02T20:13:39Z INF |                                                                                               |
2026-06-02T20:13:39Z INF |  SUMMARY: Environment ready with degraded transport. cloudflared will proceed using 'http2'.  |
2026-06-02T20:13:39Z INF +-----------------------------------------------------------------------------------------------+
2026-06-02T20:13:39Z INF precheck component="DNS Resolution" details="DNS Resolved successfully" run_id=0113c72e-2b31-4356-b197-7168dddf2c70 status=pass target=region1.v2.argotunnel.com
2026-06-02T20:13:39Z INF precheck component="DNS Resolution" details="DNS Resolved successfully" run_id=0113c72e-2b31-4356-b197-7168dddf2c70 status=pass target=region2.v2.argotunnel.com
2026-06-02T20:13:39Z INF precheck component="UDP Connectivity" details="QUIC connection successful" run_id=0113c72e-2b31-4356-b197-7168dddf2c70 status=pass target=region1.v2.argotunnel.com
2026-06-02T20:13:39Z INF precheck component="UDP Connectivity" details="QUIC connection failed" run_id=0113c72e-2b31-4356-b197-7168dddf2c70 status=fail target=region2.v2.argotunnel.com
2026-06-02T20:13:39Z INF precheck component="TCP Connectivity" details="HTTP/2 connection successful" run_id=0113c72e-2b31-4356-b197-7168dddf2c70 status=pass target=region1.v2.argotunnel.com
2026-06-02T20:13:39Z INF precheck component="TCP Connectivity" details="HTTP/2 connection successful" run_id=0113c72e-2b31-4356-b197-7168dddf2c70 status=pass target=region2.v2.argotunnel.com
2026-06-02T20:13:39Z INF precheck component="Cloudflare API" details="API is reachable" run_id=0113c72e-2b31-4356-b197-7168dddf2c70 status=pass target=api.cloudflare.com:443
2026-06-02T20:13:39Z INF precheck complete hard_fail=false run_id=0113c72e-2b31-4356-b197-7168dddf2c70 suggested_protocol=http2
2026-06-03T10:23:46Z ERR Failed to refresh DNS local resolver error="lookup region1.v2.argotunnel.com: i/o timeout"
2026-06-03T10:48:51Z ERR Failed to refresh DNS local resolver error="lookup region1.v2.argotunnel.com: i/o timeout"
2026-06-03T10:53:56Z ERR Failed to refresh DNS local resolver error="lookup region1.v2.argotunnel.com: i/o timeout"
